<?xml version="1.0" encoding="UTF-8"?>
<!-- Generated by org.testng.reporters.JUnitXMLReporter -->
<testsuite ignored="0" hostname="NZTRLPT63" failures="0" tests="3" name="Acceptances" time="29.74" errors="0" timestamp="2023-03-13T13:37:49 NZDT">
  <testcase classname="SNSSmokeGIT.SNSSmokeGITTests.AcceptancesTest" name="AcceptanceCloseRace" time="3.157"/>
  <testcase classname="SNSSmokeGIT.SNSSmokeGITTests.AcceptancesTest" name="AcceptanceProcessing" time="10.74"/>
  <testcase classname="SNSSmokeGIT.SNSSmokeGITTests.AcceptancesTest" name="AcceptanceFinalField" time="2.331"/>
</testsuite> <!-- Acceptances -->
