<?xml version="1.0" encoding="UTF-8"?>
<!-- Generated by org.testng.reporters.JUnitXMLReporter -->
<testsuite ignored="0" hostname="NZTRLPT63" failures="0" tests="3" name="CreateRaceMeeting" time="17.4" errors="0" timestamp="2023-03-13T13:35:20 NZDT">
  <testcase classname="SNSSmokeGIT.SNSSmokeGITTests.CreateRaceMeetingTest" name="navigatingToCreatMeetingPage" time="0.718"/>
  <testcase classname="SNSSmokeGIT.SNSSmokeGITTests.CreateRaceMeetingTest" name="createMeetingsPage" time="0.875"/>
  <testcase classname="SNSSmokeGIT.SNSSmokeGITTests.CreateRaceMeetingTest" name="saveMeetingPage" time="1.081"/>
</testsuite> <!-- CreateRaceMeeting -->
