<?xml version="1.0" encoding="UTF-8"?>
<!-- Generated by org.testng.reporters.JUnitXMLReporter -->
<testsuite ignored="0" hostname="NZTRLPT63" failures="0" tests="3" name="FindMeeting" time="20.448" errors="0" timestamp="2023-03-13T13:35:41 NZDT">
  <testcase classname="SNSSmokeGIT.SNSSmokeGITTests.FindMeetingTest" name="navigatingToFindMeetingPage" time="0.938"/>
  <testcase classname="SNSSmokeGIT.SNSSmokeGITTests.FindMeetingTest" name="searchFindMeeting" time="0.591"/>
  <testcase classname="SNSSmokeGIT.SNSSmokeGITTests.FindMeetingTest" name="selcetMeeting" time="5.484"/>
</testsuite> <!-- FindMeeting -->
