<?xml version="1.0" encoding="UTF-8"?>
<!-- Generated by org.testng.reporters.JUnitXMLReporter -->
<testsuite ignored="0" hostname="NZTRLPT63" failures="0" tests="3" name="Handicapping" time="49.868" errors="0" timestamp="2023-03-13T13:37:20 NZDT">
  <testcase classname="SNSSmokeGIT.SNSSmokeGITTests.HandicappingTest" name="Assignhandicapping" time="3.215"/>
  <testcase classname="SNSSmokeGIT.SNSSmokeGITTests.HandicappingTest" name="HandicapRace" time="29.974"/>
  <testcase classname="SNSSmokeGIT.SNSSmokeGITTests.HandicappingTest" name="ConfirmWeights" time="3.327"/>
</testsuite> <!-- Handicapping -->
