<?xml version="1.0" encoding="UTF-8"?>
<!-- Generated by org.testng.reporters.JUnitXMLReporter -->
<testsuite ignored="0" hostname="NZTRLPT63" failures="0" tests="4" name="Nominations" time="25.734" errors="0" timestamp="2023-03-13T13:36:30 NZDT">
  <testcase classname="SNSSmokeGIT.SNSSmokeGITTests.NominationsTest" name="RaceMeetingNominations" time="2.398"/>
  <testcase classname="SNSSmokeGIT.SNSSmokeGITTests.NominationsTest" name="ValidatingHorseslist" time="1.483"/>
  <testcase classname="SNSSmokeGIT.SNSSmokeGITTests.NominationsTest" name="EditMeetingDetailsPage" time="3.877"/>
  <testcase classname="SNSSmokeGIT.SNSSmokeGITTests.NominationsTest" name="CloseRace" time="4.378"/>
</testsuite> <!-- Nominations -->
